<?xml version="1.0" encoding="UTF-8"?>
<!-- Generated by org.testng.reporters.JUnitXMLReporter -->
<testsuite ignored="0" hostname="LAPTOP-P9ANDHU1" failures="1" tests="6" name=" Chrome Test" time="16.484" errors="0" timestamp="2023-03-29T16:55:58 IST">
  <testcase classname="Testclass.TestingLoginpage" name="@BeforeClass Gotoforgottpassward" time="0.006">
    <failure type="java.lang.NullPointerException" message="Cannot invoke &amp;quot;org.openqa.selenium.WebDriver.get(String)&amp;quot; because &amp;quot;this.driver&amp;quot; is null">
      <![CDATA[java.lang.NullPointerException: Cannot invoke "org.openqa.selenium.WebDriver.get(String)" because "this.driver" is null
at Testclass.TestingLoginpage.Gotoforgottpassward(TestingLoginpage.java:34)
at java.base/java.util.ArrayList.forEach(ArrayList.java:1511)
... Removed 25 stack frames]]>
    </failure>
  </testcase> <!-- @BeforeClass Gotoforgottpassward -->
  <testcase classname="Testclass.TestingLoginpage" name="@BeforeClass Openthechrome" time="-1.680089142325E9">
    <skipped/>
  </testcase> <!-- @BeforeClass Openthechrome -->
  <testcase classname="Testclass.TestingLoginpage" name="@BeforeMethod Gotoforgottpassward" time="-1.680089142335E9">
    <skipped/>
  </testcase> <!-- @BeforeMethod Gotoforgottpassward -->
  <testcase classname="Testclass.TestingLoginpage" name="@AfterMethod LogutFromApplication" time="-1.680089142341E9">
    <skipped/>
  </testcase> <!-- @AfterMethod LogutFromApplication -->
  <testcase classname="Testclass.TestingLoginpage" name="@BeforeMethod Gotoforgottpassward" time="-1.680089142344E9">
    <skipped/>
  </testcase> <!-- @BeforeMethod Gotoforgottpassward -->
  <testcase classname="Testclass.TestingLoginpage" name="@AfterMethod LogutFromApplication" time="-1.680089142348E9">
    <skipped/>
  </testcase> <!-- @AfterMethod LogutFromApplication -->
  <testcase classname="Testclass.TestingLoginpage" name="@BeforeMethod Gotoforgottpassward" time="-1.68008914235E9">
    <skipped/>
  </testcase> <!-- @BeforeMethod Gotoforgottpassward -->
  <testcase classname="Testclass.TestingLoginpage" name="@AfterMethod LogutFromApplication" time="-1.680089142352E9">
    <skipped/>
  </testcase> <!-- @AfterMethod LogutFromApplication -->
  <testcase classname="Testclass.TestingLoginpage" name="@AfterClass ClosedBrowser" time="-1.680089142355E9">
    <skipped/>
  </testcase> <!-- @AfterClass ClosedBrowser -->
  <testcase classname="Testclass.TestingLoginpage" name="Test3" time="0.0">
    <skipped/>
  </testcase> <!-- Test3 -->
  <testcase classname="Testclass.TestingLoginpage" name="Verifyforgottpassward" time="0.0">
    <skipped/>
  </testcase> <!-- Verifyforgottpassward -->
  <testcase classname="Testclass.TestingLoginpage" name="test2" time="0.0">
    <skipped/>
  </testcase> <!-- test2 -->
  <testcase classname="Testclass.TestngForgottpassward" name="Test3" time="0.139"/>
  <testcase classname="Testclass.TestngForgottpassward" name="Verifyforgottpassward" time="0.002">
    <failure type="java.lang.NullPointerException" message="Cannot invoke &amp;quot;Pages.Forgottpassward.getTextMessage()&amp;quot; because &amp;quot;this.forgottpassward&amp;quot; is null">
      <![CDATA[java.lang.NullPointerException: Cannot invoke "Pages.Forgottpassward.getTextMessage()" because "this.forgottpassward" is null
at Testclass.TestngForgottpassward.Verifyforgottpassward(TestngForgottpassward.java:43)
at java.base/java.util.ArrayList.forEach(ArrayList.java:1511)
... Removed 27 stack frames]]>
    </failure>
  </testcase> <!-- Verifyforgottpassward -->
  <testcase classname="Testclass.TestngForgottpassward" name="test2" time="1.649"/>
</testsuite> <!--  Chrome Test -->
