<?xml version="1.0" encoding="UTF-8"?>
<!-- Generated by org.testng.reporters.JUnitXMLReporter -->
<testsuite ignored="1" hostname="LAPTOP-P9ANDHU1" failures="0" tests="5" name="Test" time="0.098" errors="0" timestamp="2023-03-28T13:39:39 IST">
  <testcase classname="Testclass.TestingLoginpage" name="@BeforeClass Gotoforgottpassward" time="0.005">
    <failure type="java.lang.NullPointerException" message="Cannot invoke &amp;quot;org.openqa.selenium.WebDriver.get(String)&amp;quot; because &amp;quot;this.driver&amp;quot; is null">
      <![CDATA[java.lang.NullPointerException: Cannot invoke "org.openqa.selenium.WebDriver.get(String)" because "this.driver" is null
at Testclass.TestingLoginpage.Gotoforgottpassward(TestingLoginpage.java:34)
at java.base/java.util.ArrayList.forEach(ArrayList.java:1511)
... Removed 25 stack frames]]>
    </failure>
  </testcase> <!-- @BeforeClass Gotoforgottpassward -->
  <testcase classname="Testclass.TestingLoginpage" name="@BeforeClass Openthechrome" time="-1.679990979286E9">
    <skipped/>
  </testcase> <!-- @BeforeClass Openthechrome -->
  <testcase classname="Testclass.TestingLoginpage" name="@BeforeMethod Gotoforgottpassward" time="-1.679990979297E9">
    <skipped/>
  </testcase> <!-- @BeforeMethod Gotoforgottpassward -->
  <testcase classname="Testclass.TestingLoginpage" name="@AfterMethod LogutFromApplication" time="-1.679990979307E9">
    <skipped/>
  </testcase> <!-- @AfterMethod LogutFromApplication -->
  <testcase classname="Testclass.TestingLoginpage" name="@BeforeMethod Gotoforgottpassward" time="-1.67999097931E9">
    <skipped/>
  </testcase> <!-- @BeforeMethod Gotoforgottpassward -->
  <testcase classname="Testclass.TestingLoginpage" name="@AfterMethod LogutFromApplication" time="-1.679990979313E9">
    <skipped/>
  </testcase> <!-- @AfterMethod LogutFromApplication -->
  <testcase classname="Testclass.TestingLoginpage" name="@BeforeMethod Gotoforgottpassward" time="-1.679990979314E9">
    <skipped/>
  </testcase> <!-- @BeforeMethod Gotoforgottpassward -->
  <testcase classname="Testclass.TestingLoginpage" name="@AfterMethod LogutFromApplication" time="-1.679990979322E9">
    <skipped/>
  </testcase> <!-- @AfterMethod LogutFromApplication -->
  <testcase classname="Testclass.TestingLoginpage" name="@AfterClass ClosedBrowser" time="-1.679990979326E9">
    <skipped/>
  </testcase> <!-- @AfterClass ClosedBrowser -->
  <testcase classname="Testclass.TestngForgottpassward" name="@BeforeClass Gotoforgottpassward" time="0.0">
    <failure type="java.lang.NullPointerException" message="Cannot invoke &amp;quot;org.openqa.selenium.WebDriver.get(String)&amp;quot; because &amp;quot;this.driver&amp;quot; is null">
      <![CDATA[java.lang.NullPointerException: Cannot invoke "org.openqa.selenium.WebDriver.get(String)" because "this.driver" is null
at Testclass.TestngForgottpassward.Gotoforgottpassward(TestngForgottpassward.java:33)
at java.base/java.util.ArrayList.forEach(ArrayList.java:1511)
... Removed 25 stack frames]]>
    </failure>
  </testcase> <!-- @BeforeClass Gotoforgottpassward -->
  <testcase classname="Testclass.TestngForgottpassward" name="@BeforeClass Openthechrome" time="-1.67999097934E9">
    <skipped/>
  </testcase> <!-- @BeforeClass Openthechrome -->
  <testcase classname="Testclass.TestngForgottpassward" name="@BeforeMethod Gotoforgottpassward" time="-1.679990979341E9">
    <skipped/>
  </testcase> <!-- @BeforeMethod Gotoforgottpassward -->
  <testcase classname="Testclass.TestngForgottpassward" name="@AfterMethod LogutFromApplication" time="-1.679990979348E9">
    <skipped/>
  </testcase> <!-- @AfterMethod LogutFromApplication -->
  <testcase classname="Testclass.TestngForgottpassward" name="@BeforeMethod Gotoforgottpassward" time="-1.67999097935E9">
    <skipped/>
  </testcase> <!-- @BeforeMethod Gotoforgottpassward -->
  <testcase classname="Testclass.TestngForgottpassward" name="@AfterMethod LogutFromApplication" time="-1.679990979354E9">
    <skipped/>
  </testcase> <!-- @AfterMethod LogutFromApplication -->
  <testcase classname="Testclass.TestngForgottpassward" name="@AfterClass ClosedBrowser" time="-1.679990979356E9">
    <skipped/>
  </testcase> <!-- @AfterClass ClosedBrowser -->
  <testcase classname="Testclass.TestingLoginpage" name="Test3" time="0.0">
    <skipped/>
  </testcase> <!-- Test3 -->
  <testcase classname="Testclass.TestingLoginpage" name="Verifyforgottpassward" time="0.0">
    <skipped/>
  </testcase> <!-- Verifyforgottpassward -->
  <testcase classname="Testclass.TestingLoginpage" name="test2" time="0.0">
    <skipped/>
  </testcase> <!-- test2 -->
  <testcase classname="Testclass.TestngForgottpassward" name="Verifyforgottpassward" time="0.0">
    <skipped/>
  </testcase> <!-- Verifyforgottpassward -->
  <testcase classname="Testclass.TestngForgottpassward" name="test2" time="0.0">
    <skipped/>
  </testcase> <!-- test2 -->
  <testcase classname="Testclass.TestngForgottpassward" name="Test3" time="0.0">
    <ignored/>
  </testcase> <!-- Test3 -->
</testsuite> <!-- Test -->
