<?xml version="1.0" encoding="UTF-8"?>
<!-- Generated by org.testng.reporters.JUnitXMLReporter -->
<testsuite ignored="1" hostname="LAPTOP-P9ANDHU1" failures="0" tests="5" name="Test" time="0.104" errors="0" timestamp="2023-03-28T13:51:02 IST">
  <testcase classname="Testclass.TestingLoginpage" name="@BeforeClass Gotoforgottpassward" time="0.005">
    <failure type="java.lang.NullPointerException" message="Cannot invoke &amp;quot;org.openqa.selenium.WebDriver.get(String)&amp;quot; because &amp;quot;this.driver&amp;quot; is null">
      <![CDATA[java.lang.NullPointerException: Cannot invoke "org.openqa.selenium.WebDriver.get(String)" because "this.driver" is null
at Testclass.TestingLoginpage.Gotoforgottpassward(TestingLoginpage.java:34)
at java.base/java.util.ArrayList.forEach(ArrayList.java:1511)
... Removed 25 stack frames]]>
    </failure>
  </testcase> <!-- @BeforeClass Gotoforgottpassward -->
  <testcase classname="Testclass.TestingLoginpage" name="@BeforeClass Openthechrome" time="-1.679991662609E9">
    <skipped/>
  </testcase> <!-- @BeforeClass Openthechrome -->
  <testcase classname="Testclass.TestingLoginpage" name="@BeforeMethod Gotoforgottpassward" time="-1.67999166262E9">
    <skipped/>
  </testcase> <!-- @BeforeMethod Gotoforgottpassward -->
  <testcase classname="Testclass.TestingLoginpage" name="@AfterMethod LogutFromApplication" time="-1.679991662628E9">
    <skipped/>
  </testcase> <!-- @AfterMethod LogutFromApplication -->
  <testcase classname="Testclass.TestingLoginpage" name="@BeforeMethod Gotoforgottpassward" time="-1.67999166263E9">
    <skipped/>
  </testcase> <!-- @BeforeMethod Gotoforgottpassward -->
  <testcase classname="Testclass.TestingLoginpage" name="@AfterMethod LogutFromApplication" time="-1.679991662634E9">
    <skipped/>
  </testcase> <!-- @AfterMethod LogutFromApplication -->
  <testcase classname="Testclass.TestingLoginpage" name="@BeforeMethod Gotoforgottpassward" time="-1.679991662636E9">
    <skipped/>
  </testcase> <!-- @BeforeMethod Gotoforgottpassward -->
  <testcase classname="Testclass.TestingLoginpage" name="@AfterMethod LogutFromApplication" time="-1.679991662641E9">
    <skipped/>
  </testcase> <!-- @AfterMethod LogutFromApplication -->
  <testcase classname="Testclass.TestingLoginpage" name="@AfterClass ClosedBrowser" time="-1.679991662644E9">
    <skipped/>
  </testcase> <!-- @AfterClass ClosedBrowser -->
  <testcase classname="Testclass.TestngForgottpassward" name="@BeforeClass Gotoforgottpassward" time="0.0">
    <failure type="java.lang.NullPointerException" message="Cannot invoke &amp;quot;org.openqa.selenium.WebDriver.get(String)&amp;quot; because &amp;quot;this.driver&amp;quot; is null">
      <![CDATA[java.lang.NullPointerException: Cannot invoke "org.openqa.selenium.WebDriver.get(String)" because "this.driver" is null
at Testclass.TestngForgottpassward.Gotoforgottpassward(TestngForgottpassward.java:33)
at java.base/java.util.ArrayList.forEach(ArrayList.java:1511)
... Removed 25 stack frames]]>
    </failure>
  </testcase> <!-- @BeforeClass Gotoforgottpassward -->
  <testcase classname="Testclass.TestngForgottpassward" name="@BeforeClass Openthechrome" time="-1.679991662649E9">
    <skipped/>
  </testcase> <!-- @BeforeClass Openthechrome -->
  <testcase classname="Testclass.TestngForgottpassward" name="@BeforeMethod Gotoforgottpassward" time="-1.679991662655E9">
    <skipped/>
  </testcase> <!-- @BeforeMethod Gotoforgottpassward -->
  <testcase classname="Testclass.TestngForgottpassward" name="@AfterMethod LogutFromApplication" time="-1.67999166267E9">
    <skipped/>
  </testcase> <!-- @AfterMethod LogutFromApplication -->
  <testcase classname="Testclass.TestngForgottpassward" name="@BeforeMethod Gotoforgottpassward" time="-1.679991662673E9">
    <skipped/>
  </testcase> <!-- @BeforeMethod Gotoforgottpassward -->
  <testcase classname="Testclass.TestngForgottpassward" name="@AfterMethod LogutFromApplication" time="-1.679991662686E9">
    <skipped/>
  </testcase> <!-- @AfterMethod LogutFromApplication -->
  <testcase classname="Testclass.TestngForgottpassward" name="@AfterClass ClosedBrowser" time="-1.679991662687E9">
    <skipped/>
  </testcase> <!-- @AfterClass ClosedBrowser -->
  <testcase classname="Testclass.TestingLoginpage" name="Test3" time="0.0">
    <skipped/>
  </testcase> <!-- Test3 -->
  <testcase classname="Testclass.TestingLoginpage" name="Verifyforgottpassward" time="0.0">
    <skipped/>
  </testcase> <!-- Verifyforgottpassward -->
  <testcase classname="Testclass.TestingLoginpage" name="test2" time="0.0">
    <skipped/>
  </testcase> <!-- test2 -->
  <testcase classname="Testclass.TestngForgottpassward" name="Verifyforgottpassward" time="0.0">
    <skipped/>
  </testcase> <!-- Verifyforgottpassward -->
  <testcase classname="Testclass.TestngForgottpassward" name="test2" time="0.0">
    <skipped/>
  </testcase> <!-- test2 -->
  <testcase classname="Testclass.TestngForgottpassward" name="Test3" time="0.0">
    <ignored/>
  </testcase> <!-- Test3 -->
</testsuite> <!-- Test -->
